[debug] [2023-04-25T15:01:41.176Z] ----------------------------------------------------------------------
[debug] [2023-04-25T15:01:41.179Z] Command:       C:\Program Files\nodejs\node.exe C:\Users\oskar\AppData\Roaming\npm\node_modules\firebase-tools\lib\bin\firebase.js init
[debug] [2023-04-25T15:01:41.180Z] CLI Version:   11.28.0
[debug] [2023-04-25T15:01:41.180Z] Platform:      win32
[debug] [2023-04-25T15:01:41.180Z] Node Version:  v16.17.0
[debug] [2023-04-25T15:01:41.182Z] Time:          Tue Apr 25 2023 18:01:41 GMT+0300 (Itä-Euroopan kesäaika)
[debug] [2023-04-25T15:01:41.182Z] ----------------------------------------------------------------------
[debug] 
[debug] [2023-04-25T15:01:41.195Z] > command requires scopes: ["email","openid","https://www.googleapis.com/auth/cloudplatformprojects.readonly","https://www.googleapis.com/auth/firebase","https://www.googleapis.com/auth/cloud-platform"]
[debug] [2023-04-25T15:01:41.196Z] > authorizing via signed-in user (oskari.ahoniemi@gmail.com)
[info] 
     ######## #### ########  ######## ########     ###     ######  ########
     ##        ##  ##     ## ##       ##     ##  ##   ##  ##       ##
     ######    ##  ########  ######   ########  #########  ######  ######
     ##        ##  ##    ##  ##       ##     ## ##     ##       ## ##
     ##       #### ##     ## ######## ########  ##     ##  ######  ########

You're about to initialize a Firebase project in this directory:

  D:\WorkSpaces\ReactJS\oppari

[info] 
=== Project Setup
[info] 
[info] First, let's associate this project directory with a Firebase project.
[info] You can create multiple project aliases by running firebase use --add, 
[info] but for now we'll just set up a default project.
[info] 
[debug] [2023-04-25T15:03:09.167Z] >>> [apiv2][query] GET https://firebase.googleapis.com/v1beta1/projects pageSize=100
[debug] [2023-04-25T15:03:09.898Z] <<< [apiv2][status] GET https://firebase.googleapis.com/v1beta1/projects 200
[debug] [2023-04-25T15:03:09.899Z] <<< [apiv2][body] GET https://firebase.googleapis.com/v1beta1/projects [omitted]
[info] i  Using project fiilismittari-oppari (fiilismittari-oppari) 
[info] 
=== Hosting Setup
[info] 
[info] Your public directory is the folder (relative to your project directory) that
[info] will contain Hosting assets to be uploaded with firebase deploy. If you
[info] have a build process for your assets, use your build's output directory.
[info] 
[info] +  Wrote public/404.html 
[debug] [2023-04-25T15:04:23.776Z] >>> [apiv2][query] GET https://www.gstatic.com/firebasejs/releases.json [none]
[debug] [2023-04-25T15:04:23.976Z] <<< [apiv2][status] GET https://www.gstatic.com/firebasejs/releases.json 200
[debug] [2023-04-25T15:04:23.976Z] <<< [apiv2][body] GET https://www.gstatic.com/firebasejs/releases.json {"current":{"version":"9.20.0","browserURL":"https://www.gstatic.com/firebasejs/9.20.0/firebase.js","packageURL":"https://www.gstatic.com/firebasejs/9.20.0/firebase.tgz"},"live":{"version":"9.20","browserURL":"https://www.gstatic.com/firebasejs/live/9.20/firebase.js","packageURL":"https://www.gstatic.com/firebasejs/live/9.20/firebase.tgz"},"components":{"analytics":"https://www.gstatic.com/firebasejs/9.20.0/firebase-analytics.js","app":"https://www.gstatic.com/firebasejs/9.20.0/firebase-app.js","app-check":"https://www.gstatic.com/firebasejs/9.20.0/firebase-app-check.js","auth":"https://www.gstatic.com/firebasejs/9.20.0/firebase-auth.js","auth/cordova":"https://www.gstatic.com/firebasejs/9.20.0/firebase-auth/cordova.js","auth/react-native":"https://www.gstatic.com/firebasejs/9.20.0/firebase-auth/react-native.js","functions":"https://www.gstatic.com/firebasejs/9.20.0/firebase-functions.js","firestore":"https://www.gstatic.com/firebasejs/9.20.0/firebase-firestore.js","firestore/lite":"https://www.gstatic.com/firebasejs/9.20.0/firebase-firestore/lite.js","installations":"https://www.gstatic.com/firebasejs/9.20.0/firebase-installations.js","storage":"https://www.gstatic.com/firebasejs/9.20.0/firebase-storage.js","performance":"https://www.gstatic.com/firebasejs/9.20.0/firebase-performance.js","remote-config":"https://www.gstatic.com/firebasejs/9.20.0/firebase-remote-config.js","messaging":"https://www.gstatic.com/firebasejs/9.20.0/firebase-messaging.js","messaging/sw":"https://www.gstatic.com/firebasejs/9.20.0/firebase-messaging/sw.js","database":"https://www.gstatic.com/firebasejs/9.20.0/firebase-database.js","firestore.memory":"https://www.gstatic.com/firebasejs/9.20.0/firebase-firestore.memory.js"}}
[info] i  Skipping write of public/index.html 
[info] 
[info] i  Detected a .git folder at D:\WorkSpaces\ReactJS\oppari 
[info] i  Authorizing with GitHub to upload your service account to a GitHub repository's secrets store. 
[info] 
[info] Visit this URL on this device to log in:
[info] https://github.com/login/oauth/authorize?client_id=89cf50f02ac6aaed3484&state=1006909898&redirect_uri=http%3A%2F%2Flocalhost%3A9005&scope=read%3Auser%20repo%20public_repo
[info] 
[info] Waiting for authentication...
[debug] [2023-04-25T15:05:30.510Z] >>> [apiv2][query] POST https://github.com/login/oauth/access_token [none]
[debug] [2023-04-25T15:05:30.510Z] >>> [apiv2][body] POST https://github.com/login/oauth/access_token [stream]
[debug] [2023-04-25T15:05:31.000Z] <<< [apiv2][status] POST https://github.com/login/oauth/access_token 200
[debug] [2023-04-25T15:05:31.001Z] <<< [apiv2][body] POST https://github.com/login/oauth/access_token {"access_token":"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","token_type":"bearer","scope":"read:user,repo"}
[debug] [2023-04-25T15:05:31.006Z] >>> [apiv2][query] GET https://api.github.com/user [none]
[debug] [2023-04-25T15:05:31.469Z] <<< [apiv2][status] GET https://api.github.com/user 200
[debug] [2023-04-25T15:05:31.469Z] <<< [apiv2][body] GET https://api.github.com/user {"login":"Xencules","id":109800997,"node_id":"U_kgDOBotuJQ","avatar_url":"https://avatars.githubusercontent.com/u/109800997?v=4","gravatar_id":"","url":"https://api.github.com/users/Xencules","html_url":"https://github.com/Xencules","followers_url":"https://api.github.com/users/Xencules/followers","following_url":"https://api.github.com/users/Xencules/following{/other_user}","gists_url":"https://api.github.com/users/Xencules/gists{/gist_id}","starred_url":"https://api.github.com/users/Xencules/starred{/owner}{/repo}","subscriptions_url":"https://api.github.com/users/Xencules/subscriptions","organizations_url":"https://api.github.com/users/Xencules/orgs","repos_url":"https://api.github.com/users/Xencules/repos","events_url":"https://api.github.com/users/Xencules/events{/privacy}","received_events_url":"https://api.github.com/users/Xencules/received_events","type":"User","site_admin":false,"name":"Oskari Ahoniemi","company":null,"blog":"","location":"Finland","email":null,"hireable":null,"bio":null,"twitter_username":null,"public_repos":3,"public_gists":0,"followers":0,"following":1,"created_at":"2022-07-22T11:24:04Z","updated_at":"2023-02-22T12:43:07Z","private_gists":0,"total_private_repos":0,"owned_private_repos":0,"disk_usage":7817,"collaborators":0,"two_factor_authentication":false,"plan":{"name":"free","space":976562499,"collaborators":0,"private_repos":10000}}
[info] 
[info] +  Success! Logged into GitHub as Xencules 
[info] 
